<?xml version="1.0" encoding="UTF-8"?>
<!-- Generated by org.testng.reporters.JUnitReportReporter -->
<testsuite hostname="CSPLAP10211" failures="0" tests="1" name="practice.HelloWorld" time="0.015" errors="0" timestamp="15 Feb 2024 11:26:33 GMT" skipped="0">
  <testcase classname="practice.HelloWorld" name="main" time="0.015"/>
</testsuite> <!-- practice.HelloWorld -->
